On branch main
Your branch is up to date with 'origin/main'.

Changes not staged for commit:
  (use "git add <file>..." to update what will be committed)
  (use "git restore <file>..." to discard changes in working directory)
	modified:   ../frontend/src/App.jsx
	modified:   ../frontend/src/components/ProductsEnhanced.jsx
	modified:   ../frontend/src/components/SidebarEnhanced.jsx
	modified:   ../frontend/src/components/Suppliers.jsx
	modified:   controllers/authController.js
	modified:   controllers/categoryController.js
	modified:   controllers/orderController.js
	modified:   controllers/productController.js
	modified:   controllers/supplierController.js
	modified:   controllers/userController.js
	modified:   index.js
	modified:   package.json
	modified:   routes/supplier.js

Untracked files:
  (use "git add <file>..." to include in what will be committed)
	../frontend/src/components/AuditLogs.jsx
	../frontend/src/components/Reports.jsx
	clean-error.txt
	controllers/auditController.js
	controllers/reportController.js
	diff.txt
	models/AuditLog.js
	routes/audit.js
	routes/report.js
	status.txt
	test-delete-category.js
	test-output.txt
	test2.js
	test3.js
	utils/

no changes added to commit (use "git add" and/or "git commit -a")
