diff --git a/frontend/src/App.jsx b/frontend/src/App.jsx
index 9143a21..072f64d 100644
--- a/frontend/src/App.jsx
+++ b/frontend/src/App.jsx
@@ -16,6 +16,8 @@ import Profile from './components/Profile.jsx'
 import StockAlerts from './components/StockAlerts.jsx'
 import StockMovements from './components/StockMovements.jsx'
 import PurchaseOrders from './components/PurchaseOrders.jsx'
+import Reports from './components/Reports.jsx'
+import AuditLogs from './components/AuditLogs.jsx'
 
 function App() {
   return (
@@ -40,6 +42,8 @@ function App() {
           <Route path='stock-alerts' element={<StockAlerts />} />
           <Route path='stock-movements' element={<StockMovements />} />
           <Route path='purchase-orders' element={<PurchaseOrders />} />
+          <Route path='reports' element={<Reports />} />
+          <Route path='audit-logs' element={<AuditLogs />} />
           <Route path='logout' element={<Logout />} />
         </Route>
         <Route
diff --git a/frontend/src/components/ProductsEnhanced.jsx b/frontend/src/components/ProductsEnhanced.jsx
index 4783cf9..321ea70 100644
--- a/frontend/src/components/ProductsEnhanced.jsx
+++ b/frontend/src/components/ProductsEnhanced.jsx
@@ -11,6 +11,9 @@ const ProductsEnhanced = () => {
     const [filteredProducts, setFilteredProducts] = useState([]);
     const [loading, setLoading] = useState(false);
     const [searchTerm, setSearchTerm] = useState('');
+    const [filterCategory, setFilterCategory] = useState('');
+    const [filterSupplier, setFilterSupplier] = useState('');
+    const [filterAvailability, setFilterAvailability] = useState('');
     const [formData, setFormData] = useState({
         name: "",
         description: "",
@@ -48,12 +51,27 @@ const ProductsEnhanced = () => {
     }, []);
 
     useEffect(() => {
-        const filtered = products.filter((product) =>
+        let filtered = products.filter((product) =>
             product.name.toLowerCase().includes(searchTerm.toLowerCase()) ||
             product.sku?.toLowerCase().includes(searchTerm.toLowerCase())
         );
+
+        if (filterCategory) {
+            filtered = filtered.filter(p => p.categoryId?._id === filterCategory);
+        }
+        if (filterSupplier) {
+            filtered = filtered.filter(p => p.supplierId?._id === filterSupplier);
+        }
+        if (filterAvailability === 'in_stock') {
+            filtered = filtered.filter(p => p.stock > (p.minStockThreshold || 10));
+        } else if (filterAvailability === 'low_stock') {
+            filtered = filtered.filter(p => p.stock > 0 && p.stock <= (p.minStockThreshold || 10));
+        } else if (filterAvailability === 'out_of_stock') {
+            filtered = filtered.filter(p => p.stock === 0);
+        }
+
         setFilteredProducts(filtered);
-    }, [searchTerm, products]);
+    }, [searchTerm, products, filterCategory, filterSupplier, filterAvailability]);
 
     const handleChange = (e) => {
         const { name, value } = e.target;
@@ -247,6 +265,40 @@ const ProductsEnhanced = () => {
                 </button>
             </div>
 
+            {/* Filter Dropdowns */}
+            <div className="grid grid-cols-1 sm:grid-cols-3 gap-4 mb-6">
+                <select
+                    value={filterCategory}
+                    onChange={(e) => setFilterCategory(e.target.value)}
+                    className="px-4 py-2 border border-gray-300 rounded-lg focus:ring-2 focus:ring-blue-500 focus:border-transparent bg-white"
+                >
+                    <option value="">All Categories</option>
+                    {categories.map((cat) => (
+                        <option key={cat._id} value={cat._id}>{cat.categoryName}</option>
+                    ))}
+                </select>
+                <select
+                    value={filterSupplier}
+                    onChange={(e) => setFilterSupplier(e.target.value)}
+                    className="px-4 py-2 border border-gray-300 rounded-lg focus:ring-2 focus:ring-blue-500 focus:border-transparent bg-white"
+                >
+                    <option value="">All Suppliers</option>
+                    {suppliers.map((sup) => (
+                        <option key={sup._id} value={sup._id}>{sup.name}</option>
+                    ))}
+                </select>
+                <select
+                    value={filterAvailability}
+                    onChange={(e) => setFilterAvailability(e.target.value)}
+                    className="px-4 py-2 border border-gray-300 rounded-lg focus:ring-2 focus:ring-blue-500 focus:border-transparent bg-white"
+                >
+                    <option value="">All Availability</option>
+                    <option value="in_stock">In Stock</option>
+                    <option value="low_stock">Low Stock</option>
+                    <option value="out_of_stock">Out of Stock</option>
+                </select>
+            </div>
+
             {filteredProducts.length === 0 ? (
                 <div className="text-center py-12">
                     <FaBox className="text-gray-400 text-6xl mx-auto mb-4" />
diff --git a/frontend/src/components/SidebarEnhanced.jsx b/frontend/src/components/SidebarEnhanced.jsx
index 43f6c6d..6c25f8c 100644
--- a/frontend/src/components/SidebarEnhanced.jsx
+++ b/frontend/src/components/SidebarEnhanced.jsx
@@ -13,7 +13,9 @@ import {
     FaFileInvoice,
     FaBars,
     FaTimes,
-    FaChevronDown
+    FaChevronDown,
+    FaFileAlt,
+    FaHistory
 } from "react-icons/fa"
 import { NavLink, useLocation } from "react-router-dom"
 import { useAuth } from "../context/AuthContext"
@@ -89,6 +91,20 @@ const SidebarEnhanced = () => {
             isParent: false,
             badge: null
         },
+        { 
+            name: "Reports", 
+            path: "/admin-dashboard/reports", 
+            icon: <FaFileAlt />, 
+            isParent: false,
+            badge: null
+        },
+        { 
+            name: "Audit Logs", 
+            path: "/admin-dashboard/audit-logs", 
+            icon: <FaHistory />, 
+            isParent: false,
+            badge: null
+        },
         { 
             name: "Profile", 
             path: "/admin-dashboard/profile", 
diff --git a/frontend/src/components/Suppliers.jsx b/frontend/src/components/Suppliers.jsx
index c131fb2..67259df 100644
--- a/frontend/src/components/Suppliers.jsx
+++ b/frontend/src/components/Suppliers.jsx
@@ -14,6 +14,9 @@ const Suppliers = () => {
     const [loading, setLoading] = useState(true);
     const [suppliers, setSuppliers] = useState([]);
     const [filteredSuppliers, setFilteredSuppliers] = useState([]);
+    const [historyModal, setHistoryModal] = useState(false);
+    const [historyData, setHistoryData] = useState({ supplier: null, purchaseOrders: [] });
+    const [historyLoading, setHistoryLoading] = useState(false);
 
     const handleChange = (e) => {
         const { name, value } = e.target;
@@ -166,6 +169,25 @@ const Suppliers = () => {
         )
     };
 
+    const fetchPurchaseHistory = async (supplierId) => {
+        setHistoryLoading(true);
+        setHistoryModal(true);
+        try {
+            const response = await axios.get(`https://stockflow-backend-tq0g.onrender.com/api/supplier/${supplierId}/purchase-history`, {
+                headers: {
+                    Authorization: `Bearer ${localStorage.getItem('pos-token')}`
+                },
+            });
+            if (response.data.success) {
+                setHistoryData({ supplier: response.data.supplier, purchaseOrders: response.data.purchaseOrders });
+            }
+        } catch (error) {
+            console.log('Error fetching purchase history:', error);
+        } finally {
+            setHistoryLoading(false);
+        }
+    };
+
     return (
         <div className='w-full h-full flex-col gap-4 p-4'>
             <h1 className='text-2xl font-bold' >Supplier Management</h1>
@@ -201,9 +223,12 @@ const Suppliers = () => {
                                         <button className='px-2 py-1 bg-yellow-500 text-white rounded cursor-pointer mr-2'
                                             onClick={() => handleEdit(supplier)}>
                                             Edit</button>
-                                        <button className='px-2 py-1 bg-red-500 text-white rounded cursor-pointer'
+                                        <button className='px-2 py-1 bg-red-500 text-white rounded cursor-pointer mr-2'
                                             onClick={() => handleDelete(supplier._id)}>
                                             Delete</button>
+                                        <button className='px-2 py-1 bg-indigo-500 text-white rounded cursor-pointer'
+                                            onClick={() => fetchPurchaseHistory(supplier._id)}>
+                                            History</button>
                                     </td>
                                 </tr>
                             ))}
@@ -239,6 +264,55 @@ const Suppliers = () => {
                     </div>
                 </div>
             )}
+
+            {historyModal && (
+                <div className='fixed top-0 left-0 w-full h-full bg-black/50 flex justify-center items-center z-50'>
+                    <div className='bg-white p-6 rounded shadow-md w-2/3 max-h-[80vh] overflow-y-auto relative'>
+                        <h2 className='text-xl font-bold mb-1'>Purchase History</h2>
+                        <p className='text-gray-600 mb-4'>{historyData.supplier?.name}</p>
+                        <button className='absolute top-4 right-4 font-bold text-lg cursor-pointer' onClick={() => setHistoryModal(false)}>x</button>
+                        {historyLoading ? <div>Loading...</div> : (
+                            historyData.purchaseOrders.length === 0 ? (
+                                <p className='text-gray-500'>No purchase orders found for this supplier.</p>
+                            ) : (
+                                <table className='w-full border-collapse border border-gray-300'>
+                                    <thead>
+                                        <tr className='bg-gray-200'>
+                                            <th className='border border-gray-300 p-2'>Order #</th>
+                                            <th className='border border-gray-300 p-2'>Date</th>
+                                            <th className='border border-gray-300 p-2'>Items</th>
+                                            <th className='border border-gray-300 p-2'>Total</th>
+                                            <th className='border border-gray-300 p-2'>Status</th>
+                                        </tr>
+                                    </thead>
+                                    <tbody>
+                                        {historyData.purchaseOrders.map((po) => (
+                                            <tr key={po._id}>
+                                                <td className='border border-gray-300 p-2'>{po.orderNumber}</td>
+                                                <td className='border border-gray-300 p-2'>{new Date(po.createdAt).toLocaleDateString()}</td>
+                                                <td className='border border-gray-300 p-2'>
+                                                    {po.items?.map((item, i) => (
+                                                        <div key={i}>{item.product?.name || 'N/A'} x{item.quantity}</div>
+                                                    ))}
+                                                </td>
+                                                <td className='border border-gray-300 p-2 font-semibold'>${po.total?.toFixed(2)}</td>
+                                                <td className='border border-gray-300 p-2'>
+                                                    <span className={`px-2 py-1 rounded text-xs font-semibold ${
+                                                        po.status === 'RECEIVED' ? 'bg-green-100 text-green-700' :
+                                                        po.status === 'PENDING' ? 'bg-yellow-100 text-yellow-700' :
+                                                        po.status === 'CANCELLED' ? 'bg-red-100 text-red-700' :
+                                                        'bg-gray-100 text-gray-700'
+                                                    }`}>{po.status}</span>
+                                                </td>
+                                            </tr>
+                                        ))}
+                                    </tbody>
+                                </table>
+                            )
+                        )}
+                    </div>
+                </div>
+            )}
         </div>
     )
 }
diff --git a/server/controllers/authController.js b/server/controllers/authController.js
index e7ebcb6..cc40d24 100644
--- a/server/controllers/authController.js
+++ b/server/controllers/authController.js
@@ -1,6 +1,7 @@
 import bcrypt from 'bcrypt';
 import jwt from 'jsonwebtoken';
 import User from '../models/User.js';
+import logAction from '../utils/auditService.js';
 
 const login = async (req, res) => {
     try {
@@ -17,6 +18,8 @@ const login = async (req, res) => {
         }
         const token = jwt.sign({id: user._id, role: user.role}, process.env.JWT_SECRET, {expiresIn: '2d'})
 
+        await logAction(user._id, user.name, "LOGIN", "User", user._id, `User ${user.email} logged in`, req.ip);
+
         return res.status(200).json({success: true, message: "login successful", token, user: {id: user._id, name: user.name, email: user.email, role:user.role}})
     }catch (error){
         console.error("Login error details:", {
diff --git a/server/controllers/categoryController.js b/server/controllers/categoryController.js
index a863900..9550d1b 100644
--- a/server/controllers/categoryController.js
+++ b/server/controllers/categoryController.js
@@ -1,4 +1,5 @@
 import Category from "../models/Category.js";
+import ProductModel from "../models/Product.js";
 
 const addCategory = async (req, res) => {
     try {
diff --git a/server/controllers/orderController.js b/server/controllers/orderController.js
index 5c4463d..77622e8 100644
--- a/server/controllers/orderController.js
+++ b/server/controllers/orderController.js
@@ -1,5 +1,6 @@
 import Product from "../models/Product.js";
 import Order from "../models/Order.js";
+import logAction from "../utils/auditService.js";
 
 const addOrder = async (req, res) => {
     try {
@@ -22,6 +23,7 @@ const addOrder = async (req, res) => {
             totalPrice: total,
         });
         await orderObj.save();
+        await logAction(userId, req.user?.name, "CREATE", "Order", orderObj._id, `Created order for product ${product.name}, qty: ${quantity}`, req.ip);
         return res.status(200).json({ success: true, message: "Order added successfully" });
     } catch (error) {
         console.log("Error adding order:", error);
diff --git a/server/controllers/productController.js b/server/controllers/productController.js
index 2f4720c..c3d3c37 100644
--- a/server/controllers/productController.js
+++ b/server/controllers/productController.js
@@ -1,6 +1,7 @@
 import Supplier from "../models/Supplier.js";
 import Category from "../models/Category.js";
 import Product from "../models/Product.js";
+import logAction from "../utils/auditService.js";
 
 // Generate SKU
 const generateSKU = (name, categoryId) => {
@@ -36,6 +37,7 @@ const addProduct = async (req, res) => {
             barcode
         });
         await newProduct.save();
+        await logAction(req.user?._id, req.user?.name, "CREATE", "Product", newProduct._id, `Created product: ${name}`, req.ip);
         return res.status(200).json({ success: true, message: "Product added successfully", product: newProduct });
     } catch (error) {
         console.error("Error adding product", error);
@@ -75,6 +77,7 @@ const updateProduct = async (req, res) => {
         if (!updatedProduct) {
             return res.status(400).json({ success: false, message: "Product not found" });
         }
+        await logAction(req.user?._id, req.user?.name, "UPDATE", "Product", id, `Updated product: ${name}`, req.ip);
         return res.status(200).json({ success: true, message: "Product updated successfully", product: updatedProduct });
     } catch (error) {
         console.error("Error updating product", error);
@@ -93,6 +96,7 @@ const deleteProduct = async (req, res) => {
             return res.status(400).json({ success: false, message: "Product already deleted" });
         }
         await Product.findByIdAndUpdate(id, { isDeleted: true }, { new: true });
+        await logAction(req.user?._id, req.user?.name, "DELETE", "Product", id, `Deleted product: ${existingProduct.name}`, req.ip);
         return res.status(200).json({ success: true, message: "Product deleted successfully" });
     } catch (error) {
         console.error("Error deleting product", error);
diff --git a/server/controllers/supplierController.js b/server/controllers/supplierController.js
index 4b526e8..ba83a52 100644
--- a/server/controllers/supplierController.js
+++ b/server/controllers/supplierController.js
@@ -1,4 +1,26 @@
 import supplier from "../models/Supplier.js";
+import PurchaseOrder from "../models/PurchaseOrder.js";
+import logAction from "../utils/auditService.js";
+
+const getSupplierPurchaseHistory = async (req, res) => {
+    try {
+        const { id } = req.params;
+        const existingSupplier = await supplier.findById(id);
+        if (!existingSupplier) {
+            return res.status(404).json({ success: false, message: "Supplier not found" });
+        }
+
+        const purchaseOrders = await PurchaseOrder.find({ supplier: id })
+            .populate('items.product', 'name sku price')
+            .populate('user', 'name')
+            .sort({ createdAt: -1 });
+
+        return res.status(200).json({ success: true, supplier: existingSupplier, purchaseOrders });
+    } catch (error) {
+        console.error("Error fetching supplier purchase history", error);
+        return res.status(500).json({ success: false, message: "Server error" });
+    }
+};
 
 const addSupplier = async (req, res) => {
     try {
@@ -17,6 +39,7 @@ const addSupplier = async (req, res) => {
         })
 
         await newSupplier.save();
+        await logAction(req.user?._id, req.user?.name, "CREATE", "Supplier", newSupplier._id, `Created supplier: ${name}`, req.ip);
         return res.status(201).json({ success: true, message: "Supplier added successfully" })
     } catch (error) {
         console.error("Error adding new supplier", error);
@@ -42,6 +65,7 @@ const updateSupplier = async (req, res) => {
             return res.status(404).json({ success: false, message: "supplier not found" })
         }
         const updateSupplier = await supplier.findByIdAndUpdate(id, { name, address, number, email }, { new: true });
+        await logAction(req.user?._id, req.user?.name, "UPDATE", "Supplier", id, `Updated supplier: ${name}`, req.ip);
         return res.status(200).json({ success: true, message: "Supplier updated successfully" })
     } catch (error) {
         console.error("Error updating supplier", error);
@@ -57,6 +81,7 @@ const deleteSupplier = async (req, res) => {
             return res.status(404).json({ success: false, message: "supplier not found" })
         }
         await supplier.findByIdAndDelete(id);
+        await logAction(req.user?._id, req.user?.name, "DELETE", "Supplier", id, `Deleted supplier: ${existingSupplier.name}`, req.ip);
         return res.status(200).json({ success: true, message: "Supplier deleted successfully" })
     } catch (error) {
         console.error("Error deleting supplier", error);
@@ -64,4 +89,4 @@ const deleteSupplier = async (req, res) => {
     }
 }
 
-export { addSupplier, getSuppliers, updateSupplier, deleteSupplier }
\ No newline at end of file
+export { addSupplier, getSuppliers, updateSupplier, deleteSupplier, getSupplierPurchaseHistory }
\ No newline at end of file
diff --git a/server/controllers/userController.js b/server/controllers/userController.js
index d7a4053..4036172 100644
--- a/server/controllers/userController.js
+++ b/server/controllers/userController.js
@@ -1,5 +1,6 @@
 import User from "../models/User.js";
 import bcrypt from "bcrypt";
+import logAction from "../utils/auditService.js";
 
 const addUser = async (req, res) => {
     try {
@@ -21,6 +22,7 @@ const addUser = async (req, res) => {
         })
 
         await newUser.save();
+        await logAction(req.user?._id, req.user?.name, "CREATE", "User", newUser._id, `Created user: ${name} (${role})`, req.ip);
         return res.status(201).json({ success: true, message: "User added successfully" })
     } catch (error) {
         console.error("Error adding new user", error);
@@ -82,6 +84,7 @@ const deleteUser = async (req, res) => {
             return res.status(404).json({ success: false, message: "User not found" });
         }
         await User.findByIdAndDelete(id);
+        await logAction(req.user?._id, req.user?.name, "DELETE", "User", id, `Deleted user: ${existingUser.name}`, req.ip);
         return res.status(200).json({ success: true, message: "User deleted successfully" });
     } catch (error) {
         console.error("Error deleting user", error);
diff --git a/server/index.js b/server/index.js
index 802a4d2..aa16306 100644
--- a/server/index.js
+++ b/server/index.js
@@ -10,6 +10,8 @@ import orderRouter from "./routes/order.js";
 import dashboardRouter from "./routes/dashboard.js";
 import stockRoutes from "./routes/stock.js";
 import purchaseOrderRoutes from "./routes/purchaseOrder.js";
+import auditRoutes from "./routes/audit.js";
+import reportRoutes from "./routes/report.js";
 
 const app = express();
 app.use(cors());
@@ -23,6 +25,8 @@ app.use("/api/order", orderRouter)
 app.use("/api/dashboard", dashboardRouter)
 app.use("/api/stock", stockRoutes)
 app.use("/api/purchase-order", purchaseOrderRoutes)
+app.use("/api/audit", auditRoutes)
+app.use("/api/report", reportRoutes)
 
 const PORT = process.env.PORT || 3000;
 
diff --git a/server/package.json b/server/package.json
index aaf7939..ddae998 100644
--- a/server/package.json
+++ b/server/package.json
@@ -14,9 +14,11 @@
   "dependencies": {
     "bcrypt": "^6.0.0",
     "cors": "^2.8.6",
+    "exceljs": "^4.4.0",
     "express": "^5.2.1",
     "jsonwebtoken": "^9.0.3",
     "mongoose": "^9.2.1",
-    "nodemon": "^3.1.11"
+    "nodemon": "^3.1.11",
+    "pdfkit": "^0.18.0"
   }
 }
diff --git a/server/routes/supplier.js b/server/routes/supplier.js
index 5e71b33..51fcf23 100644
--- a/server/routes/supplier.js
+++ b/server/routes/supplier.js
@@ -1,12 +1,13 @@
 import express from "express";
 import authMiddleware from "../middleware/authMiddleware.js";
-import { addSupplier, getSuppliers, updateSupplier, deleteSupplier } from "../controllers/supplierController.js";
+import { addSupplier, getSuppliers, updateSupplier, deleteSupplier, getSupplierPurchaseHistory } from "../controllers/supplierController.js";
 
 const router = express.Router();
 
 router.post("/add", authMiddleware, addSupplier);
 router.delete("/:id", authMiddleware, deleteSupplier);
 router.get("/", authMiddleware, getSuppliers);
+router.get("/:id/purchase-history", authMiddleware, getSupplierPurchaseHistory);
 router.put("/:id", authMiddleware, updateSupplier);
 
 export default router;
